[dotenv@17.2.1] injecting env (9) from .env.local -- tip: ⚙️  specify custom .env file path with { path: '/custom/path/.env' }
📁 Using .env.local (local development mode)
🔍 Cloudinary env check: { CLOUD_NAME: '✓ Set', API_KEY: '✓ Set', API_SECRET: '✓ Set' }
[dotenv@17.2.1] injecting env (3) from .env -- tip: 📡 observe env with Radar: https://dotenvx.com/radar
🏠 Using LOCAL MongoDB for development
🏠 Using LOCAL MongoDB for development

=== DATABASE CONFIGURATION ===
Environment: development
Mode: LOCAL
Safe Mode: ✅ ON (localhost only)
Database: mongodb://localhost:27017/malaysia-pickleball-portal-dev
===============================

Server is running on port 5001
✅ Connected to MongoDB (local)
Creating default GENERAL assessment form...
Error initializing default assessment form: Error: AssessmentForm validation failed: questions.0.options: Cast to embedded failed for value "20' x 44'" (type string) at path "options" because of "ObjectParameterError", questions.1.options: Cast to embedded failed for value "34 inches" (type string) at path "options" because of "ObjectParameterError", questions.2.options: Cast to embedded failed for value "The service area" (type string) at path "options" because of "ObjectParameterError", questions.3.options: Cast to embedded failed for value "The player on the left" (type string) at path "options" because of "ObjectParameterError", questions.4.options: Cast to embedded failed for value "It's a fault" (type string) at path "options" because of "ObjectParameterError", timeLimit: Path `timeLimit` is required., code: Path `code` (`GENERAL`, length 7) is longer than the maximum allowed length (5)., questions.0.section: Path `section` is required., questions.0.question: Path `question` is required., questions.0.id: Path `id` is required., questions.1.section: Path `section` is required., questions.1.question: Path `question` is required., questions.1.id: Path `id` is required., questions.2.section: Path `section` is required., questions.2.question: Path `question` is required., questions.2.id: Path `id` is required., questions.3.section: Path `section` is required., questions.3.question: Path `question` is required., questions.3.id: Path `id` is required., questions.4.section: Path `section` is required., questions.4.question: Path `question` is required., questions.4.id: Path `id` is required.
    at ValidationError.inspect (/home/ariffin/Desktop/portalmpa/malaysia-pickleball-portal/node_modules/mongoose/lib/error/validation.js:52:26)
    at formatValue (node:internal/util/inspect:829:19)
    at inspect (node:internal/util/inspect:372:10)
    at formatWithOptionsInternal (node:internal/util/inspect:2334:40)
    at formatWithOptions (node:internal/util/inspect:2196:10)
    at console.value (node:internal/console/constructor:350:14)
    at console.warn (node:internal/console/constructor:383:61)
    at initializeDefaultAssessmentForm (/home/ariffin/Desktop/portalmpa/malaysia-pickleball-portal/server.js:5473:13)
    at process.processTicksAndRejections (node:internal/process/task_queues:95:5)
    at async Server.<anonymous> (/home/ariffin/Desktop/portalmpa/malaysia-pickleball-portal/server.js:5480:3) {
  errors: {
    'questions.0.options': CastError: Cast to embedded failed for value "20' x 44'" (type string) at path "options" because of "ObjectParameterError"
        at SchemaDocumentArray.cast (/home/ariffin/Desktop/portalmpa/malaysia-pickleball-portal/node_modules/mongoose/lib/schema/documentArray.js:515:19)
        at SchemaType.applySetters (/home/ariffin/Desktop/portalmpa/malaysia-pickleball-portal/node_modules/mongoose/lib/schemaType.js:1258:12)
        at EmbeddedDocument.$set (/home/ariffin/Desktop/portalmpa/malaysia-pickleball-portal/node_modules/mongoose/lib/document.js:1438:22)
        at EmbeddedDocument.$set (/home/ariffin/Desktop/portalmpa/malaysia-pickleball-portal/node_modules/mongoose/lib/document.js:1132:16)
        at EmbeddedDocument.Document (/home/ariffin/Desktop/portalmpa/malaysia-pickleball-portal/node_modules/mongoose/lib/document.js:178:12)
        at EmbeddedDocument.Subdocument (/home/ariffin/Desktop/portalmpa/malaysia-pickleball-portal/node_modules/mongoose/lib/types/subdocument.js:34:12)
        at EmbeddedDocument.ArraySubdocument [as constructor] (/home/ariffin/Desktop/portalmpa/malaysia-pickleball-portal/node_modules/mongoose/lib/types/arraySubdocument.js:44:15)
        at new EmbeddedDocument (/home/ariffin/Desktop/portalmpa/malaysia-pickleball-portal/node_modules/mongoose/lib/schema/documentArray.js:144:17)
        at SchemaDocumentArray.cast (/home/ariffin/Desktop/portalmpa/malaysia-pickleball-portal/node_modules/mongoose/lib/schema/documentArray.js:509:22)
        at SchemaType.applySetters (/home/ariffin/Desktop/portalmpa/malaysia-pickleball-portal/node_modules/mongoose/lib/schemaType.js:1258:12) {
      stringValue: `"20' x 44'"`,
      messageFormat: undefined,
      kind: 'embedded',
      value: "20' x 44'",
      path: 'options',
      reason: ObjectParameterError: Parameter "obj" to Document() must be an object, got "20' x 44'" (type string)
          at EmbeddedDocument.Document (/home/ariffin/Desktop/portalmpa/malaysia-pickleball-portal/node_modules/mongoose/lib/document.js:123:11)
          at EmbeddedDocument.Subdocument (/home/ariffin/Desktop/portalmpa/malaysia-pickleball-portal/node_modules/mongoose/lib/types/subdocument.js:34:12)
          at EmbeddedDocument.ArraySubdocument [as constructor] (/home/ariffin/Desktop/portalmpa/malaysia-pickleball-portal/node_modules/mongoose/lib/types/arraySubdocument.js:44:15)
          at new EmbeddedDocument (/home/ariffin/Desktop/portalmpa/malaysia-pickleball-portal/node_modules/mongoose/lib/schema/documentArray.js:144:17)
          at SchemaDocumentArray.cast (/home/ariffin/Desktop/portalmpa/malaysia-pickleball-portal/node_modules/mongoose/lib/schema/documentArray.js:509:22)
          at SchemaType.applySetters (/home/ariffin/Desktop/portalmpa/malaysia-pickleball-portal/node_modules/mongoose/lib/schemaType.js:1258:12)
          at EmbeddedDocument.$set (/home/ariffin/Desktop/portalmpa/malaysia-pickleball-portal/node_modules/mongoose/lib/document.js:1438:22)
          at EmbeddedDocument.$set (/home/ariffin/Desktop/portalmpa/malaysia-pickleball-portal/node_modules/mongoose/lib/document.js:1132:16)
          at EmbeddedDocument.Document (/home/ariffin/Desktop/portalmpa/malaysia-pickleball-portal/node_modules/mongoose/lib/document.js:178:12)
          at EmbeddedDocument.Subdocument (/home/ariffin/Desktop/portalmpa/malaysia-pickleball-portal/node_modules/mongoose/lib/types/subdocument.js:34:12),
      valueType: 'string'
    },
    'questions.1.options': CastError: Cast to embedded failed for value "34 inches" (type string) at path "options" because of "ObjectParameterError"
        at SchemaDocumentArray.cast (/home/ariffin/Desktop/portalmpa/malaysia-pickleball-portal/node_modules/mongoose/lib/schema/documentArray.js:515:19)
        at SchemaType.applySetters (/home/ariffin/Desktop/portalmpa/malaysia-pickleball-portal/node_modules/mongoose/lib/schemaType.js:1258:12)
        at EmbeddedDocument.$set (/home/ariffin/Desktop/portalmpa/malaysia-pickleball-portal/node_modules/mongoose/lib/document.js:1438:22)
        at EmbeddedDocument.$set (/home/ariffin/Desktop/portalmpa/malaysia-pickleball-portal/node_modules/mongoose/lib/document.js:1132:16)
        at EmbeddedDocument.Document (/home/ariffin/Desktop/portalmpa/malaysia-pickleball-portal/node_modules/mongoose/lib/document.js:178:12)
        at EmbeddedDocument.Subdocument (/home/ariffin/Desktop/portalmpa/malaysia-pickleball-portal/node_modules/mongoose/lib/types/subdocument.js:34:12)
        at EmbeddedDocument.ArraySubdocument [as constructor] (/home/ariffin/Desktop/portalmpa/malaysia-pickleball-portal/node_modules/mongoose/lib/types/arraySubdocument.js:44:15)
        at new EmbeddedDocument (/home/ariffin/Desktop/portalmpa/malaysia-pickleball-portal/node_modules/mongoose/lib/schema/documentArray.js:144:17)
        at SchemaDocumentArray.cast (/home/ariffin/Desktop/portalmpa/malaysia-pickleball-portal/node_modules/mongoose/lib/schema/documentArray.js:509:22)
        at SchemaType.applySetters (/home/ariffin/Desktop/portalmpa/malaysia-pickleball-portal/node_modules/mongoose/lib/schemaType.js:1258:12) {
      stringValue: '"34 inches"',
      messageFormat: undefined,
      kind: 'embedded',
      value: '34 inches',
      path: 'options',
      reason: ObjectParameterError: Parameter "obj" to Document() must be an object, got "34 inches" (type string)
          at EmbeddedDocument.Document (/home/ariffin/Desktop/portalmpa/malaysia-pickleball-portal/node_modules/mongoose/lib/document.js:123:11)
          at EmbeddedDocument.Subdocument (/home/ariffin/Desktop/portalmpa/malaysia-pickleball-portal/node_modules/mongoose/lib/types/subdocument.js:34:12)
          at EmbeddedDocument.ArraySubdocument [as constructor] (/home/ariffin/Desktop/portalmpa/malaysia-pickleball-portal/node_modules/mongoose/lib/types/arraySubdocument.js:44:15)
          at new EmbeddedDocument (/home/ariffin/Desktop/portalmpa/malaysia-pickleball-portal/node_modules/mongoose/lib/schema/documentArray.js:144:17)
          at SchemaDocumentArray.cast (/home/ariffin/Desktop/portalmpa/malaysia-pickleball-portal/node_modules/mongoose/lib/schema/documentArray.js:509:22)
          at SchemaType.applySetters (/home/ariffin/Desktop/portalmpa/malaysia-pickleball-portal/node_modules/mongoose/lib/schemaType.js:1258:12)
          at EmbeddedDocument.$set (/home/ariffin/Desktop/portalmpa/malaysia-pickleball-portal/node_modules/mongoose/lib/document.js:1438:22)
          at EmbeddedDocument.$set (/home/ariffin/Desktop/portalmpa/malaysia-pickleball-portal/node_modules/mongoose/lib/document.js:1132:16)
          at EmbeddedDocument.Document (/home/ariffin/Desktop/portalmpa/malaysia-pickleball-portal/node_modules/mongoose/lib/document.js:178:12)
          at EmbeddedDocument.Subdocument (/home/ariffin/Desktop/portalmpa/malaysia-pickleball-portal/node_modules/mongoose/lib/types/subdocument.js:34:12),
      valueType: 'string'
    },
    'questions.2.options': CastError: Cast to embedded failed for value "The service area" (type string) at path "options" because of "ObjectParameterError"
        at SchemaDocumentArray.cast (/home/ariffin/Desktop/portalmpa/malaysia-pickleball-portal/node_modules/mongoose/lib/schema/documentArray.js:515:19)
        at SchemaType.applySetters (/home/ariffin/Desktop/portalmpa/malaysia-pickleball-portal/node_modules/mongoose/lib/schemaType.js:1258:12)
        at EmbeddedDocument.$set (/home/ariffin/Desktop/portalmpa/malaysia-pickleball-portal/node_modules/mongoose/lib/document.js:1438:22)
        at EmbeddedDocument.$set (/home/ariffin/Desktop/portalmpa/malaysia-pickleball-portal/node_modules/mongoose/lib/document.js:1132:16)
        at EmbeddedDocument.Document (/home/ariffin/Desktop/portalmpa/malaysia-pickleball-portal/node_modules/mongoose/lib/document.js:178:12)
        at EmbeddedDocument.Subdocument (/home/ariffin/Desktop/portalmpa/malaysia-pickleball-portal/node_modules/mongoose/lib/types/subdocument.js:34:12)
        at EmbeddedDocument.ArraySubdocument [as constructor] (/home/ariffin/Desktop/portalmpa/malaysia-pickleball-portal/node_modules/mongoose/lib/types/arraySubdocument.js:44:15)
        at new EmbeddedDocument (/home/ariffin/Desktop/portalmpa/malaysia-pickleball-portal/node_modules/mongoose/lib/schema/documentArray.js:144:17)
        at SchemaDocumentArray.cast (/home/ariffin/Desktop/portalmpa/malaysia-pickleball-portal/node_modules/mongoose/lib/schema/documentArray.js:509:22)
        at SchemaType.applySetters (/home/ariffin/Desktop/portalmpa/malaysia-pickleball-portal/node_modules/mongoose/lib/schemaType.js:1258:12) {
      stringValue: '"The service area"',
      messageFormat: undefined,
      kind: 'embedded',
      value: 'The service area',
      path: 'options',
      reason: ObjectParameterError: Parameter "obj" to Document() must be an object, got "The service area" (type string)
          at EmbeddedDocument.Document (/home/ariffin/Desktop/portalmpa/malaysia-pickleball-portal/node_modules/mongoose/lib/document.js:123:11)
          at EmbeddedDocument.Subdocument (/home/ariffin/Desktop/portalmpa/malaysia-pickleball-portal/node_modules/mongoose/lib/types/subdocument.js:34:12)
          at EmbeddedDocument.ArraySubdocument [as constructor] (/home/ariffin/Desktop/portalmpa/malaysia-pickleball-portal/node_modules/mongoose/lib/types/arraySubdocument.js:44:15)
          at new EmbeddedDocument (/home/ariffin/Desktop/portalmpa/malaysia-pickleball-portal/node_modules/mongoose/lib/schema/documentArray.js:144:17)
          at SchemaDocumentArray.cast (/home/ariffin/Desktop/portalmpa/malaysia-pickleball-portal/node_modules/mongoose/lib/schema/documentArray.js:509:22)
          at SchemaType.applySetters (/home/ariffin/Desktop/portalmpa/malaysia-pickleball-portal/node_modules/mongoose/lib/schemaType.js:1258:12)
          at EmbeddedDocument.$set (/home/ariffin/Desktop/portalmpa/malaysia-pickleball-portal/node_modules/mongoose/lib/document.js:1438:22)
          at EmbeddedDocument.$set (/home/ariffin/Desktop/portalmpa/malaysia-pickleball-portal/node_modules/mongoose/lib/document.js:1132:16)
          at EmbeddedDocument.Document (/home/ariffin/Desktop/portalmpa/malaysia-pickleball-portal/node_modules/mongoose/lib/document.js:178:12)
          at EmbeddedDocument.Subdocument (/home/ariffin/Desktop/portalmpa/malaysia-pickleball-portal/node_modules/mongoose/lib/types/subdocument.js:34:12),
      valueType: 'string'
    },
    'questions.3.options': CastError: Cast to embedded failed for value "The player on the left" (type string) at path "options" because of "ObjectParameterError"
        at SchemaDocumentArray.cast (/home/ariffin/Desktop/portalmpa/malaysia-pickleball-portal/node_modules/mongoose/lib/schema/documentArray.js:515:19)
        at SchemaType.applySetters (/home/ariffin/Desktop/portalmpa/malaysia-pickleball-portal/node_modules/mongoose/lib/schemaType.js:1258:12)
        at EmbeddedDocument.$set (/home/ariffin/Desktop/portalmpa/malaysia-pickleball-portal/node_modules/mongoose/lib/document.js:1438:22)
        at EmbeddedDocument.$set (/home/ariffin/Desktop/portalmpa/malaysia-pickleball-portal/node_modules/mongoose/lib/document.js:1132:16)
        at EmbeddedDocument.Document (/home/ariffin/Desktop/portalmpa/malaysia-pickleball-portal/node_modules/mongoose/lib/document.js:178:12)
        at EmbeddedDocument.Subdocument (/home/ariffin/Desktop/portalmpa/malaysia-pickleball-portal/node_modules/mongoose/lib/types/subdocument.js:34:12)
        at EmbeddedDocument.ArraySubdocument [as constructor] (/home/ariffin/Desktop/portalmpa/malaysia-pickleball-portal/node_modules/mongoose/lib/types/arraySubdocument.js:44:15)
        at new EmbeddedDocument (/home/ariffin/Desktop/portalmpa/malaysia-pickleball-portal/node_modules/mongoose/lib/schema/documentArray.js:144:17)
        at SchemaDocumentArray.cast (/home/ariffin/Desktop/portalmpa/malaysia-pickleball-portal/node_modules/mongoose/lib/schema/documentArray.js:509:22)
        at SchemaType.applySetters (/home/ariffin/Desktop/portalmpa/malaysia-pickleball-portal/node_modules/mongoose/lib/schemaType.js:1258:12) {
      stringValue: '"The player on the left"',
      messageFormat: undefined,
      kind: 'embedded',
      value: 'The player on the left',
      path: 'options',
      reason: ObjectParameterError: Parameter "obj" to Document() must be an object, got "The player on the left" (type string)
          at EmbeddedDocument.Document (/home/ariffin/Desktop/portalmpa/malaysia-pickleball-portal/node_modules/mongoose/lib/document.js:123:11)
          at EmbeddedDocument.Subdocument (/home/ariffin/Desktop/portalmpa/malaysia-pickleball-portal/node_modules/mongoose/lib/types/subdocument.js:34:12)
          at EmbeddedDocument.ArraySubdocument [as constructor] (/home/ariffin/Desktop/portalmpa/malaysia-pickleball-portal/node_modules/mongoose/lib/types/arraySubdocument.js:44:15)
          at new EmbeddedDocument (/home/ariffin/Desktop/portalmpa/malaysia-pickleball-portal/node_modules/mongoose/lib/schema/documentArray.js:144:17)
          at SchemaDocumentArray.cast (/home/ariffin/Desktop/portalmpa/malaysia-pickleball-portal/node_modules/mongoose/lib/schema/documentArray.js:509:22)
          at SchemaType.applySetters (/home/ariffin/Desktop/portalmpa/malaysia-pickleball-portal/node_modules/mongoose/lib/schemaType.js:1258:12)
          at EmbeddedDocument.$set (/home/ariffin/Desktop/portalmpa/malaysia-pickleball-portal/node_modules/mongoose/lib/document.js:1438:22)
          at EmbeddedDocument.$set (/home/ariffin/Desktop/portalmpa/malaysia-pickleball-portal/node_modules/mongoose/lib/document.js:1132:16)
          at EmbeddedDocument.Document (/home/ariffin/Desktop/portalmpa/malaysia-pickleball-portal/node_modules/mongoose/lib/document.js:178:12)
          at EmbeddedDocument.Subdocument (/home/ariffin/Desktop/portalmpa/malaysia-pickleball-portal/node_modules/mongoose/lib/types/subdocument.js:34:12),
      valueType: 'string'
    },
    'questions.4.options': CastError: Cast to embedded failed for value "It's a fault" (type string) at path "options" because of "ObjectParameterError"
        at SchemaDocumentArray.cast (/home/ariffin/Desktop/portalmpa/malaysia-pickleball-portal/node_modules/mongoose/lib/schema/documentArray.js:515:19)
        at SchemaType.applySetters (/home/ariffin/Desktop/portalmpa/malaysia-pickleball-portal/node_modules/mongoose/lib/schemaType.js:1258:12)
        at EmbeddedDocument.$set (/home/ariffin/Desktop/portalmpa/malaysia-pickleball-portal/node_modules/mongoose/lib/document.js:1438:22)
        at EmbeddedDocument.$set (/home/ariffin/Desktop/portalmpa/malaysia-pickleball-portal/node_modules/mongoose/lib/document.js:1132:16)
        at EmbeddedDocument.Document (/home/ariffin/Desktop/portalmpa/malaysia-pickleball-portal/node_modules/mongoose/lib/document.js:178:12)
        at EmbeddedDocument.Subdocument (/home/ariffin/Desktop/portalmpa/malaysia-pickleball-portal/node_modules/mongoose/lib/types/subdocument.js:34:12)
        at EmbeddedDocument.ArraySubdocument [as constructor] (/home/ariffin/Desktop/portalmpa/malaysia-pickleball-portal/node_modules/mongoose/lib/types/arraySubdocument.js:44:15)
        at new EmbeddedDocument (/home/ariffin/Desktop/portalmpa/malaysia-pickleball-portal/node_modules/mongoose/lib/schema/documentArray.js:144:17)
        at SchemaDocumentArray.cast (/home/ariffin/Desktop/portalmpa/malaysia-pickleball-portal/node_modules/mongoose/lib/schema/documentArray.js:509:22)
        at SchemaType.applySetters (/home/ariffin/Desktop/portalmpa/malaysia-pickleball-portal/node_modules/mongoose/lib/schemaType.js:1258:12) {
      stringValue: `"It's a fault"`,
      messageFormat: undefined,
      kind: 'embedded',
      value: "It's a fault",
      path: 'options',
      reason: ObjectParameterError: Parameter "obj" to Document() must be an object, got "It's a fault" (type string)
          at EmbeddedDocument.Document (/home/ariffin/Desktop/portalmpa/malaysia-pickleball-portal/node_modules/mongoose/lib/document.js:123:11)
          at EmbeddedDocument.Subdocument (/home/ariffin/Desktop/portalmpa/malaysia-pickleball-portal/node_modules/mongoose/lib/types/subdocument.js:34:12)
          at EmbeddedDocument.ArraySubdocument [as constructor] (/home/ariffin/Desktop/portalmpa/malaysia-pickleball-portal/node_modules/mongoose/lib/types/arraySubdocument.js:44:15)
          at new EmbeddedDocument (/home/ariffin/Desktop/portalmpa/malaysia-pickleball-portal/node_modules/mongoose/lib/schema/documentArray.js:144:17)
          at SchemaDocumentArray.cast (/home/ariffin/Desktop/portalmpa/malaysia-pickleball-portal/node_modules/mongoose/lib/schema/documentArray.js:509:22)
          at SchemaType.applySetters (/home/ariffin/Desktop/portalmpa/malaysia-pickleball-portal/node_modules/mongoose/lib/schemaType.js:1258:12)
          at EmbeddedDocument.$set (/home/ariffin/Desktop/portalmpa/malaysia-pickleball-portal/node_modules/mongoose/lib/document.js:1438:22)
          at EmbeddedDocument.$set (/home/ariffin/Desktop/portalmpa/malaysia-pickleball-portal/node_modules/mongoose/lib/document.js:1132:16)
          at EmbeddedDocument.Document (/home/ariffin/Desktop/portalmpa/malaysia-pickleball-portal/node_modules/mongoose/lib/document.js:178:12)
          at EmbeddedDocument.Subdocument (/home/ariffin/Desktop/portalmpa/malaysia-pickleball-portal/node_modules/mongoose/lib/types/subdocument.js:34:12),
      valueType: 'string'
    },
    timeLimit: ValidatorError: Path `timeLimit` is required.
        at validate (/home/ariffin/Desktop/portalmpa/malaysia-pickleball-portal/node_modules/mongoose/lib/schemaType.js:1413:13)
        at SchemaType.doValidate (/home/ariffin/Desktop/portalmpa/malaysia-pickleball-portal/node_modules/mongoose/lib/schemaType.js:1397:7)
        at /home/ariffin/Desktop/portalmpa/malaysia-pickleball-portal/node_modules/mongoose/lib/document.js:3111:18
        at process.processTicksAndRejections (node:internal/process/task_queues:77:11) {
      properties: [Object],
      kind: 'required',
      path: 'timeLimit',
      value: undefined,
      reason: undefined,
      [Symbol(mongoose#validatorError)]: true
    },
    code: ValidatorError: Path `code` (`GENERAL`, length 7) is longer than the maximum allowed length (5).
        at validate (/home/ariffin/Desktop/portalmpa/malaysia-pickleball-portal/node_modules/mongoose/lib/schemaType.js:1413:13)
        at SchemaType.doValidate (/home/ariffin/Desktop/portalmpa/malaysia-pickleball-portal/node_modules/mongoose/lib/schemaType.js:1397:7)
        at /home/ariffin/Desktop/portalmpa/malaysia-pickleball-portal/node_modules/mongoose/lib/document.js:3111:18
        at process.processTicksAndRejections (node:internal/process/task_queues:77:11) {
      properties: [Object],
      kind: 'maxlength',
      path: 'code',
      value: 'GENERAL',
      reason: undefined,
      [Symbol(mongoose#validatorError)]: true
    },
    'questions.0.section': ValidatorError: Path `section` is required.
        at validate (/home/ariffin/Desktop/portalmpa/malaysia-pickleball-portal/node_modules/mongoose/lib/schemaType.js:1413:13)
        at SchemaType.doValidate (/home/ariffin/Desktop/portalmpa/malaysia-pickleball-portal/node_modules/mongoose/lib/schemaType.js:1397:7)
        at /home/ariffin/Desktop/portalmpa/malaysia-pickleball-portal/node_modules/mongoose/lib/document.js:3111:18
        at process.processTicksAndRejections (node:internal/process/task_queues:77:11) {
      properties: [Object],
      kind: 'required',
      path: 'section',
      value: undefined,
      reason: undefined,
      [Symbol(mongoose#validatorError)]: true
    },
    'questions.0.question': ValidatorError: Path `question` is required.
        at validate (/home/ariffin/Desktop/portalmpa/malaysia-pickleball-portal/node_modules/mongoose/lib/schemaType.js:1413:13)
        at SchemaType.doValidate (/home/ariffin/Desktop/portalmpa/malaysia-pickleball-portal/node_modules/mongoose/lib/schemaType.js:1397:7)
        at /home/ariffin/Desktop/portalmpa/malaysia-pickleball-portal/node_modules/mongoose/lib/document.js:3111:18
        at process.processTicksAndRejections (node:internal/process/task_queues:77:11) {
      properties: [Object],
      kind: 'required',
      path: 'question',
      value: undefined,
      reason: undefined,
      [Symbol(mongoose#validatorError)]: true
    },
    'questions.0.id': ValidatorError: Path `id` is required.
        at validate (/home/ariffin/Desktop/portalmpa/malaysia-pickleball-portal/node_modules/mongoose/lib/schemaType.js:1413:13)
        at SchemaType.doValidate (/home/ariffin/Desktop/portalmpa/malaysia-pickleball-portal/node_modules/mongoose/lib/schemaType.js:1397:7)
        at /home/ariffin/Desktop/portalmpa/malaysia-pickleball-portal/node_modules/mongoose/lib/document.js:3111:18
        at process.processTicksAndRejections (node:internal/process/task_queues:77:11) {
      properties: [Object],
      kind: 'required',
      path: 'id',
      value: undefined,
      reason: undefined,
      [Symbol(mongoose#validatorError)]: true
    },
    'questions.1.section': ValidatorError: Path `section` is required.
        at validate (/home/ariffin/Desktop/portalmpa/malaysia-pickleball-portal/node_modules/mongoose/lib/schemaType.js:1413:13)
        at SchemaType.doValidate (/home/ariffin/Desktop/portalmpa/malaysia-pickleball-portal/node_modules/mongoose/lib/schemaType.js:1397:7)
        at /home/ariffin/Desktop/portalmpa/malaysia-pickleball-portal/node_modules/mongoose/lib/document.js:3111:18
        at process.processTicksAndRejections (node:internal/process/task_queues:77:11) {
      properties: [Object],
      kind: 'required',
      path: 'section',
      value: undefined,
      reason: undefined,
      [Symbol(mongoose#validatorError)]: true
    },
    'questions.1.question': ValidatorError: Path `question` is required.
        at validate (/home/ariffin/Desktop/portalmpa/malaysia-pickleball-portal/node_modules/mongoose/lib/schemaType.js:1413:13)
        at SchemaType.doValidate (/home/ariffin/Desktop/portalmpa/malaysia-pickleball-portal/node_modules/mongoose/lib/schemaType.js:1397:7)
        at /home/ariffin/Desktop/portalmpa/malaysia-pickleball-portal/node_modules/mongoose/lib/document.js:3111:18
        at process.processTicksAndRejections (node:internal/process/task_queues:77:11) {
      properties: [Object],
      kind: 'required',
      path: 'question',
      value: undefined,
      reason: undefined,
      [Symbol(mongoose#validatorError)]: true
    },
    'questions.1.id': ValidatorError: Path `id` is required.
        at validate (/home/ariffin/Desktop/portalmpa/malaysia-pickleball-portal/node_modules/mongoose/lib/schemaType.js:1413:13)
        at SchemaType.doValidate (/home/ariffin/Desktop/portalmpa/malaysia-pickleball-portal/node_modules/mongoose/lib/schemaType.js:1397:7)
        at /home/ariffin/Desktop/portalmpa/malaysia-pickleball-portal/node_modules/mongoose/lib/document.js:3111:18
        at process.processTicksAndRejections (node:internal/process/task_queues:77:11) {
      properties: [Object],
      kind: 'required',
      path: 'id',
      value: undefined,
      reason: undefined,
      [Symbol(mongoose#validatorError)]: true
    },
    'questions.2.section': ValidatorError: Path `section` is required.
        at validate (/home/ariffin/Desktop/portalmpa/malaysia-pickleball-portal/node_modules/mongoose/lib/schemaType.js:1413:13)
        at SchemaType.doValidate (/home/ariffin/Desktop/portalmpa/malaysia-pickleball-portal/node_modules/mongoose/lib/schemaType.js:1397:7)
        at /home/ariffin/Desktop/portalmpa/malaysia-pickleball-portal/node_modules/mongoose/lib/document.js:3111:18
        at process.processTicksAndRejections (node:internal/process/task_queues:77:11) {
      properties: [Object],
      kind: 'required',
      path: 'section',
      value: undefined,
      reason: undefined,
      [Symbol(mongoose#validatorError)]: true
    },
    'questions.2.question': ValidatorError: Path `question` is required.
        at validate (/home/ariffin/Desktop/portalmpa/malaysia-pickleball-portal/node_modules/mongoose/lib/schemaType.js:1413:13)
        at SchemaType.doValidate (/home/ariffin/Desktop/portalmpa/malaysia-pickleball-portal/node_modules/mongoose/lib/schemaType.js:1397:7)
        at /home/ariffin/Desktop/portalmpa/malaysia-pickleball-portal/node_modules/mongoose/lib/document.js:3111:18
        at process.processTicksAndRejections (node:internal/process/task_queues:77:11) {
      properties: [Object],
      kind: 'required',
      path: 'question',
      value: undefined,
      reason: undefined,
      [Symbol(mongoose#validatorError)]: true
    },
    'questions.2.id': ValidatorError: Path `id` is required.
        at validate (/home/ariffin/Desktop/portalmpa/malaysia-pickleball-portal/node_modules/mongoose/lib/schemaType.js:1413:13)
        at SchemaType.doValidate (/home/ariffin/Desktop/portalmpa/malaysia-pickleball-portal/node_modules/mongoose/lib/schemaType.js:1397:7)
        at /home/ariffin/Desktop/portalmpa/malaysia-pickleball-portal/node_modules/mongoose/lib/document.js:3111:18
        at process.processTicksAndRejections (node:internal/process/task_queues:77:11) {
      properties: [Object],
      kind: 'required',
      path: 'id',
      value: undefined,
      reason: undefined,
      [Symbol(mongoose#validatorError)]: true
    },
    'questions.3.section': ValidatorError: Path `section` is required.
        at validate (/home/ariffin/Desktop/portalmpa/malaysia-pickleball-portal/node_modules/mongoose/lib/schemaType.js:1413:13)
        at SchemaType.doValidate (/home/ariffin/Desktop/portalmpa/malaysia-pickleball-portal/node_modules/mongoose/lib/schemaType.js:1397:7)
        at /home/ariffin/Desktop/portalmpa/malaysia-pickleball-portal/node_modules/mongoose/lib/document.js:3111:18
        at process.processTicksAndRejections (node:internal/process/task_queues:77:11) {
      properties: [Object],
      kind: 'required',
      path: 'section',
      value: undefined,
      reason: undefined,
      [Symbol(mongoose#validatorError)]: true
    },
    'questions.3.question': ValidatorError: Path `question` is required.
        at validate (/home/ariffin/Desktop/portalmpa/malaysia-pickleball-portal/node_modules/mongoose/lib/schemaType.js:1413:13)
        at SchemaType.doValidate (/home/ariffin/Desktop/portalmpa/malaysia-pickleball-portal/node_modules/mongoose/lib/schemaType.js:1397:7)
        at /home/ariffin/Desktop/portalmpa/malaysia-pickleball-portal/node_modules/mongoose/lib/document.js:3111:18
        at process.processTicksAndRejections (node:internal/process/task_queues:77:11) {
      properties: [Object],
      kind: 'required',
      path: 'question',
      value: undefined,
      reason: undefined,
      [Symbol(mongoose#validatorError)]: true
    },
    'questions.3.id': ValidatorError: Path `id` is required.
        at validate (/home/ariffin/Desktop/portalmpa/malaysia-pickleball-portal/node_modules/mongoose/lib/schemaType.js:1413:13)
        at SchemaType.doValidate (/home/ariffin/Desktop/portalmpa/malaysia-pickleball-portal/node_modules/mongoose/lib/schemaType.js:1397:7)
        at /home/ariffin/Desktop/portalmpa/malaysia-pickleball-portal/node_modules/mongoose/lib/document.js:3111:18
        at process.processTicksAndRejections (node:internal/process/task_queues:77:11) {
      properties: [Object],
      kind: 'required',
      path: 'id',
      value: undefined,
      reason: undefined,
      [Symbol(mongoose#validatorError)]: true
    },
    'questions.4.section': ValidatorError: Path `section` is required.
        at validate (/home/ariffin/Desktop/portalmpa/malaysia-pickleball-portal/node_modules/mongoose/lib/schemaType.js:1413:13)
        at SchemaType.doValidate (/home/ariffin/Desktop/portalmpa/malaysia-pickleball-portal/node_modules/mongoose/lib/schemaType.js:1397:7)
        at /home/ariffin/Desktop/portalmpa/malaysia-pickleball-portal/node_modules/mongoose/lib/document.js:3111:18
        at process.processTicksAndRejections (node:internal/process/task_queues:77:11) {
      properties: [Object],
      kind: 'required',
      path: 'section',
      value: undefined,
      reason: undefined,
      [Symbol(mongoose#validatorError)]: true
    },
    'questions.4.question': ValidatorError: Path `question` is required.
        at validate (/home/ariffin/Desktop/portalmpa/malaysia-pickleball-portal/node_modules/mongoose/lib/schemaType.js:1413:13)
        at SchemaType.doValidate (/home/ariffin/Desktop/portalmpa/malaysia-pickleball-portal/node_modules/mongoose/lib/schemaType.js:1397:7)
        at /home/ariffin/Desktop/portalmpa/malaysia-pickleball-portal/node_modules/mongoose/lib/document.js:3111:18
        at process.processTicksAndRejections (node:internal/process/task_queues:77:11) {
      properties: [Object],
      kind: 'required',
      path: 'question',
      value: undefined,
      reason: undefined,
      [Symbol(mongoose#validatorError)]: true
    },
    'questions.4.id': ValidatorError: Path `id` is required.
        at validate (/home/ariffin/Desktop/portalmpa/malaysia-pickleball-portal/node_modules/mongoose/lib/schemaType.js:1413:13)
        at SchemaType.doValidate (/home/ariffin/Desktop/portalmpa/malaysia-pickleball-portal/node_modules/mongoose/lib/schemaType.js:1397:7)
        at /home/ariffin/Desktop/portalmpa/malaysia-pickleball-portal/node_modules/mongoose/lib/document.js:3111:18
        at process.processTicksAndRejections (node:internal/process/task_queues:77:11) {
      properties: [Object],
      kind: 'required',
      path: 'id',
      value: undefined,
      reason: undefined,
      [Symbol(mongoose#validatorError)]: true
    }
  },
  _message: 'AssessmentForm validation failed'
}
